C:\USERS\ADMINISTRATOR\DOCUMENTS\VISUAL STUDIO 2012\PROJECTS\MYSYNCHRONIZATIONBARRIER\MYSYNCHRONIZATIONBARRIER\DEBUG\MYSYNCHRONIZATIONBARRIER.PCH
C:\USERS\ADMINISTRATOR\DOCUMENTS\VISUAL STUDIO 2012\PROJECTS\MYSYNCHRONIZATIONBARRIER\MYSYNCHRONIZATIONBARRIER\DEBUG\STDAFX.OBJ
C:\USERS\ADMINISTRATOR\DOCUMENTS\VISUAL STUDIO 2012\PROJECTS\MYSYNCHRONIZATIONBARRIER\MYSYNCHRONIZATIONBARRIER\DEBUG\VC110.PDB
C:\USERS\ADMINISTRATOR\DOCUMENTS\VISUAL STUDIO 2012\PROJECTS\MYSYNCHRONIZATIONBARRIER\MYSYNCHRONIZATIONBARRIER\DEBUG\PROJ.OBJ
C:\USERS\ADMINISTRATOR\DOCUMENTS\VISUAL STUDIO 2012\PROJECTS\MYSYNCHRONIZATIONBARRIER\DEBUG\MYSYNCHRONIZATIONBARRIER.ILK
C:\USERS\ADMINISTRATOR\DOCUMENTS\VISUAL STUDIO 2012\PROJECTS\MYSYNCHRONIZATIONBARRIER\DEBUG\MYSYNCHRONIZATIONBARRIER.EXE
C:\USERS\ADMINISTRATOR\DOCUMENTS\VISUAL STUDIO 2012\PROJECTS\MYSYNCHRONIZATIONBARRIER\DEBUG\MYSYNCHRONIZATIONBARRIER.PDB
C:\Users\Administrator\Documents\Visual Studio 2012\Projects\MySynchronizationBarrier\MySynchronizationBarrier\Debug\proj.obj
C:\Users\Administrator\Documents\Visual Studio 2012\Projects\MySynchronizationBarrier\MySynchronizationBarrier\Debug\stdafx.obj
C:\Users\Administrator\Documents\Visual Studio 2012\Projects\MySynchronizationBarrier\MySynchronizationBarrier\Debug\cl.command.1.tlog
C:\Users\Administrator\Documents\Visual Studio 2012\Projects\MySynchronizationBarrier\MySynchronizationBarrier\Debug\CL.read.1.tlog
C:\Users\Administrator\Documents\Visual Studio 2012\Projects\MySynchronizationBarrier\MySynchronizationBarrier\Debug\CL.write.1.tlog
C:\Users\Administrator\Documents\Visual Studio 2012\Projects\MySynchronizationBarrier\MySynchronizationBarrier\Debug\link-cvtres.read.1.tlog
C:\Users\Administrator\Documents\Visual Studio 2012\Projects\MySynchronizationBarrier\MySynchronizationBarrier\Debug\link-cvtres.write.1.tlog
C:\Users\Administrator\Documents\Visual Studio 2012\Projects\MySynchronizationBarrier\MySynchronizationBarrier\Debug\link-rc.read.1.tlog
C:\Users\Administrator\Documents\Visual Studio 2012\Projects\MySynchronizationBarrier\MySynchronizationBarrier\Debug\link-rc.write.1.tlog
C:\Users\Administrator\Documents\Visual Studio 2012\Projects\MySynchronizationBarrier\MySynchronizationBarrier\Debug\link.command.1.tlog
C:\Users\Administrator\Documents\Visual Studio 2012\Projects\MySynchronizationBarrier\MySynchronizationBarrier\Debug\link.read.1.tlog
C:\Users\Administrator\Documents\Visual Studio 2012\Projects\MySynchronizationBarrier\MySynchronizationBarrier\Debug\link.write.1.tlog
C:\Users\Administrator\Documents\Visual Studio 2012\Projects\MySynchronizationBarrier\MySynchronizationBarrier\Debug\MySynchronizationBarrier.pch
C:\Users\Administrator\Documents\Visual Studio 2012\Projects\MySynchronizationBarrier\MySynchronizationBarrier\Debug\vc110.idb
C:\Users\Administrator\Documents\Visual Studio 2012\Projects\MySynchronizationBarrier\MySynchronizationBarrier\Debug\vc110.pdb
C:\Users\Administrator\Documents\Visual Studio 2012\Projects\MySynchronizationBarrier\Debug\MySynchronizationBarrier.pdb
C:\Users\Administrator\Documents\Visual Studio 2012\Projects\MySynchronizationBarrier\Debug\MySynchronizationBarrier.exe
C:\Users\Administrator\Documents\Visual Studio 2012\Projects\MySynchronizationBarrier\Debug\MySynchronizationBarrier.ilk
